[   0.0000] nializing grp ubsys cpuet
[    0.00000] Initalizing cgroup subsys cpu
[   0.0000] niialiin coup sbs cuacct
[    0.000000] Linux version 4.4.0-38-generic (buildd@lgw01-58) (gcc version 5.4.0 20160609 (Ubuntu 5.4.0-6ubuntu1~16.04.2) ) #57-Ubuntu SMP Tue Sep 6 15:42:3 C 20 (untu 4.4.0-38.57-generi 4.19)    .00000] Comand in BOOT_MA=/oot/vminz-.4.-3geericro=LABEL=loim-rootf r cnsole=tyconsole=ttS0
[   00000] KENEsuppted cpu:[    0.00000]   Intel GenuineIntel
[    0.000000]   AMD AuthenticAMD
[    0.000000]   Centaur CentaurHauls
[    0.000000] x86/fpu: xstate_offset[2]:  576, xstat_sies[2] 26[   0.000000] x86/fpu: Supporting XSAVE feature 0x01: 'x87 floating point registers'
[    0.000000] x6/fp: pportin XAVE featur 02:'SS risters'
[  0.000]x86/pu: Supporting XSAVE feature 0x04: 'AVX registers
[    0.000] x86/fpu: naedxstae atures 07, context size is 832 bytes, usi 'standar' rmt.
[  00000] x86/fpu: Using 'lazy' FPU context switches.
[    0.000000] e820: BIOS-provided physical RAM map:
[    0.000] BIS-20: me 0x0000000000000-x00000009bff] usle
[  0000000] BIOS-e820: [mem 0x0000000000c00-0x000000000009ffff] reserved
[    0.000000] BIOS-e820: [mem 0x00000000000f0000-0x0000000fffff reseve
[   0.000000] BIOS-e820: [mem 0x0000000000100000-0x000000003ffeffff] usable
   0.000000] BIOS-e820: [mem 0x000000003fff0000-0x000000003fffffff] ACPI data
[    0.000000] BIOS-e820: [mem 0x00000000fec00000-0x00000000fec00fff] reserved
[    0.000000] BIOS-e820: [mem 0x00000000fee00000-0x00000000fee00fff] reserved
[    0.000000] BIOS-e820: [mem 0x00000000fffc0000-0x00000000ffffffff] reserved
[    0.000000] NX (Execute Disable) protection: active
[    0.000000] SMBIOS 2.5 present.
[    0.000000] Hypervisor detectedKVM
[  0.00000] e820: last_pfn = 0x3fff0 max_arch_pfn = 0x400000000
[    0.000000] MTRR: Disabled
[    0.0000]886/AT: MTRRs disabled, skipping PAT initialization too.
[    0.000000] x86/PAT: Configuration [0-7]: WB  WT  UC- UC  WB  T  UC- UC  
[    0.000000] CPU MTRRs all blank - rtualized system.
[   000000] found SMP M-table at [mem 0x0009fff0-0x0009ffff] mapped at [ffff880009fff0]
[    0.000000] Scanning 1 areas for low memory corruption
[    0.000000] RAMDISK: [mem 0x36fd6000-0x377e2fff]
[    0.000000] ACPI: Early table checksum verificio dibled
[    0.000000] ACPI: RSDP 0x00000000000E0000 000024 (v02 VBOX  )
[    0.000000] ACPI: XSDT 0x000000003FFF0030 00003C (v1 VBOX   VBOXXSDT 00000001 ASL  00000061)
[    0000000]ACI: FACP 0x000000003FFF00F0 0000F4 (vv04 VBOX   VBOXFACP 00000001 ASL  00000061)
[    0.000000] ACPI: DSDT 0x000000003FFF0470 00210F (v01 VBOX   VBOXBIOS 00000002 INTL 20100528)
[    0.000000] ACPI: FACS 0x000000003FFF0200 0000
[    0.000000] ACPI: FACS 0x000000003FFF0200 000040
[   0.0000] ACPI: APIC 0x000000003FFF0240 00005C (v02 VBOX   VBOXAPIC 00000001 ASL  00000061)
[    0.000000] ACPI: SSDT 0x000000003FFF02A0 0001CC (v01 VBOX   VBOXCPUT 00000002 INTL 20100528)
[    0.0000]No NU cnfiuration found
[    0.000000] Faking a node at [mem 0x0000000000000000-0x000000003ffeffff]
[   .000000] NE_DATA(0) allocated [mem 0x3ffeb000-0x3ffeffff]
[    0.000000] kvm-clock:Usig rs4b564d1 nd 46400    0.000000] kvm-clock: cpu 0, msr 0:3ffe7001, primary cpu clock
[    0.000000] kvm-clock: usinsced offset of 3218394396 cycles
[    0.000000] clocksource: kvm-coc mask: 0xffffffffffffffff max_cycles: 0x1cd42e4dffb, max_idle_ns: 88159059148ns
[    0.000000] Zone ranges:
[    0.000000]   DMA      [mem 0x0000000000001000-0x0000000000ffffff]
    0.000000]   DMA32    [mem 0x0000000001000000-0x000000003ffeffff]
[    0.000000]   Normal   empty
[   .000000  Deice   empty
[    0.000000] Movable zone start for each node
[    0.000000] Early memory node ranges
[    0.000000]   node   0: [me 0000000000001000-0x00000000009eff]
[    0.000000]   node   0: [mem 0x0000000000100000-0x000000003feffff]
[   .000000] Initmem setup node 0 [mem 0x000000000001000-0x000000003ffeffff]
[    0.000000] ACPI: PM-Timer IO Port: 0x4008
[    0.000000] IOAPIC[0]: apic_id 2, version 32, address 0xfec0000, GSI-23
[   .000000] ACPI: INT_SRC_OVR (bus 0 bus_irq 0 global_irq 2 dfl dfl)
[    0.000000] ACPI: INT_SRC_OVR (bus 0 bus_irq 9 global_irq 9 high level)
[    0.000000] Using ACPI (MADT) for SMP configuration information
[    0.000000] smpboot: Allowing 2 CPUs, 0 hotplg CPUs[   0.000000] PM:egsteredosve memory: [mem 0x00000000-0x00000fff]
[    0.000000]PM Rgistered nosave memory: [mem 0x0009f000-0x0009ffff]
[  0.000000] PM: Registered nosave memory: [me 0x000a0000-0x000effff]
[    0.000000] PM: Registered nosave memory: [mem 0x000f0000-0x000fffff]
[    0.000000] e820: [mem 0x40000000-0xfebfffff] available for PCI devices
[    0.000000] Booting paravirtualized kernel on KVM
[    0.000000] clocksource: refined-jiffies: mask: 0xffffffff max_cycles: 0xffffffff, max_idle_ns: 7645519600211568 ns
[    0.000] stupecpu: _CUS:6 r_cpumask_bits:256 nr_cpu_ids:2 nr_node_ids:1
[    0.000000] PERCPU: Embedded 33 pages/cpu @ffff88003fc00000 s98008 r8192 d28968 u1048576
[    0.000000] PV qspinlock hash table entries: 256 (order: 0, 4096 bytes)
[    0.000000] Built 1 zonelists in Node order, mobility grouping on.  Total pages: 257913
[    0.000000] Policy zone: DM2
[    0.000000] Kernel command line: BOOT_IMAGE=/boot/vmlinuz-4.4.0-38-generic root=LABEL=cloudimg-rootfs ro console=tty1 console=ttyS0
[    0.000000] PID hash table entries: 40 (rder: 3, 32768 bytes)
[    0.0000]Memory: 1004392K/1048120K available (8404K kernel code, 1283K rwdata, 3944K rodata, 1480K init, 1292K bss, 43728K reserved, 0K cma-reserved)
[    0.000000] SLUB: HWalign=64, Order=0-3, MinObjecs=, PUs, odes=
[    0.000000] ierarchca RCUimplemenatn.
[  00000] 	Build-time adjustment of leaf fanout to 64.
[    0.000000] 	RCU restricting CPUs from NR_PU=256  n_cpu_i=2
[   00000]RC Adjusting geomryforcufanout_ea64 nrpu_ids=
[    0.00] NR_IRQ16640 nr_irqs:440 16
[    0.000000] Console: colour VGA+ 80x2
[    0.000000] console [tty1] enabled
[    0.000000] console [ttyS0] enabled
[    0.000000] tsc: Detected 29.998 MH processor
[    6.630570] Calibrating delay loop (skipped) preset value.. 4599.99 BogoMIPS (lpj=9199992)
[    6.687579] pid_max: default: 32768 minimum: 301
[    6.741558] ACPI: Core revision 20150930
[    6.779258] ACPI: 2 ACPI AML tables successfully acquired and loaded
[    6.855143] Security Framework initialized
[    6.862376] Yama: becoming mindful.
[    6.869809] AppArmor: AppArmor initialized
[    6.921889] Dentry cache hash table entries: 131072 (order: 8, 1048576 bytes)
[    6.938293] Inode-cache hash table entries: 65536 (order: 7, 524288 bytes)
[    6.979911] Mount-cache hash table entries: 2048 (order: 2, 16384 bytes)
[    7.086408] Mountpoint-cache hash table entries: 2048 (order: 2, 16384 bytes)
[    7.173460] Initializing cgroup subsys io
[    7.217406] Initializing cgroup subsys memory
[    7.273145] Initializing cgroup subsys devices
[    7.349973] Initializing cgroup subsys freezer
[    7.405702] Initializing cgroup subsys net_cls
[    7.425978] Initializing cgroup subsys perf_event
[    7.427272] Initializing cgroup subsys net_prio
[    7.428517] Initializing cgroup subsys hugetlb
[    7.433738] Initializing cgroup subsys pids
[    7.502150] CPU: Physical Processor ID: 0
[    7.563654] CPU: Processor Core ID: 0
[    7.617551] mce: CPU supports 0 MCE banks
[    7.665673] Last level iTLB entries: 4KB 1024, 2MB 1024, 4MB 1024
[    7.737796] Last level dTLB entries: 4KB 1024, 2MB 1024, 4MB 1024, 1GB 4
[    7.766170] Freeing SMP alternatives memory: 32K (ffffffff820b4000 - ffffffff820bc000)
[    7.847704] ftrace: allocating 32006 entries in 126 pages
[    7.959446] smpboot: Max logical packages: 1
[    8.026870] smpboot: APIC(0) Converting physical 0 to logical package 0
[    8.104430] x2apic enabled
[    8.113821] Switched APIC routing to physical x2apic.
[    8.116673] ..TIMER: vector=0x30 apic1=0 pin1=2 apic2=-1 pin2=-1
[    8.317720] smpboot: CPU0: Intel(R) Core(TM) i7-4650U CPU @ 1.70GHz (family: 0x6, model: 0x45, stepping: 0x1)
[    8.328517] Performance Events: unsupported p6 CPU model 69 no PMU driver, software events only.
[    8.344361] KVM setup paravirtual spinlock
[    8.348050] x86: Booting SMP configuration:
[    8.360611] .... node  #0, CPUs:      #1
[    8.361759] kvm-clock: cpu 1, msr 0:3ffe7041, secondary cpu clock
[    8.366773] mce: CPU supports 0 MCE banks
[    8.369519] x86: Booted up 1 node, 2 CPUs
[    8.377766] smpboot: Total of 2 processors activated (9199.99 BogoMIPS)
[    8.411441] devtmpfs: initialized
[    8.461505] evm: security.selinux
[    8.482498] evm: security.SMACK64
[    8.489775] evm: security.SMACK64EXEC
[    8.494585] evm: security.SMACK64TRANSMUTE
[    8.501754] evm: security.SMACK64MMAP
[    8.502812] evm: security.ima
[    8.550987] evm: security.capability
[    8.598860] clocksource: jiffies: mask: 0xffffffff max_cycles: 0xffffffff, max_idle_ns: 7645041785100000 ns
[    8.663334] pinctrl core: initialized pinctrl subsystem
[    8.664694] RTC time: 22:45:17, date: 10/05/16
[    8.699980] NET: Registered protocol family 16
[    8.766255] cpuidle: using governor ladder
[    8.822244] cpuidle: using governor menu
[    8.863523] PCCT header not found.
[    8.883856] ACPI: bus type PCI registered
[    8.903651] acpiphp: ACPI Hot Plug PCI Controller Driver version: 0.5
[    8.958687] PCI: Using configuration type 1 for base access
[    9.036113] ACPI: Added _OSI(Module Device)
[    9.073389] ACPI: Added _OSI(Processor Device)
[    9.127511] ACPI: Added _OSI(3.0 _SCP Extensions)
[    9.183553] ACPI: Added _OSI(Processor Aggregator Device)
[    9.243131] ACPI: Executed 1 blocks of module-level executable AML code
[    9.250398] ACPI: Interpreter enabled
[    9.259449] ACPI Exception: AE_NOT_FOUND, While evaluating Sleep State [\_S1_] (20150930/hwxface-580)
[    9.293028] ACPI Exception: AE_NOT_FOUND, While evaluating Sleep State [\_S2_] (20150930/hwxface-580)
[    9.394531] ACPI Exception: AE_NOT_FOUND, While evaluating Sleep State [\_S3_] (20150930/hwxface-580)
[    9.507980] ACPI Exception: AE_NOT_FOUND, While evaluating Sleep State [\_S4_] (20150930/hwxface-580)
[    9.551254] ACPI: (supports S0 S5)
[    9.552020] ACPI: Using IOAPIC for interrupt routing
[    9.553253] PCI: Using host bridge windows from ACPI; if necessary, use "pci=nocrs" and report a bug
[    9.617100] ACPI: PCI Root Bridge [PCI0] (domain 0000 [bus 00-ff])
[    9.676229] acpi PNP0A03:00: _OSC: OS supports [ASPM ClockPM Segments MSI]
[    9.747727] acpi PNP0A03:00: _OSC failed (AE_NOT_FOUND); disabling ASPM
[    9.749533] acpi PNP0A03:00: fail to add MMCONFIG information, can't access extended PCI configuration space under this bridge.
[    9.774420] PCI host bridge to bus 0000:00
[    9.779329] pci_bus 0000:00: root bus resource [io  0x0000-0x0cf7 window]
[    9.780823] pci_bus 0000:00: root bus resource [io  0x0d00-0xffff window]
[    9.782464] pci_bus 0000:00: root bus resource [mem 0x000a0000-0x000bffff window]
[    9.800234] pci_bus 0000:00: root bus resource [mem 0x40000000-0xffdfffff window]
[    9.803278] pci_bus 0000:00: root bus resource [bus 00-ff]
[    9.806778] pci 0000:00:01.1: legacy IDE quirk: reg 0x10: [io  0x01f0-0x01f7]
[    9.824490] pci 0000:00:01.1: legacy IDE quirk: reg 0x14: [io  0x03f6]
[    9.831652] pci 0000:00:01.1: legacy IDE quirk: reg 0x18: [io  0x0170-0x0177]
[    9.833219] pci 0000:00:01.1: legacy IDE quirk: reg 0x1c: [io  0x0376]
[    9.873413] pci 0000:00:07.0: quirk: [io  0x4000-0x403f] claimed by PIIX4 ACPI
[    9.900645] pci 0000:00:07.0: quirk: [io  0x4100-0x410f] claimed by PIIX4 SMB
[    9.909477] ACPI: PCI Interrupt Link [LNKA] (IRQs 5 9 10 *11)
[    9.939573] ACPI: PCI Interrupt Link [LNKB] (IRQs 5 9 10 *11)
[    9.941123] ACPI: PCI Interrupt Link [LNKC] (IRQs 5 9 *10 11)
[    9.950842] ACPI: PCI Interrupt Link [LNKD] (IRQs 5 *9 10 11)
[    9.989700] ACPI: Enabled 2 GPEs in block 00 to 07
[   10.008358] vgaarb: setting as boot device: PCI:0000:00:02.0
[   10.070595] vgaarb: device added: PCI:0000:00:02.0,decodes=io+mem,owns=io+mem,locks=none
[   10.155339] vgaarb: loaded
[   10.181842] vgaarb: bridge control possible 0000:00:02.0
[   10.216181] SCSI subsystem initialized
[   10.259922] ACPI: bus type USB registered
[   10.303822] usbcore: registered new interface driver usbfs
[   10.363305] usbcore: registered new interface driver hub
[   10.426857] usbcore: registered new device driver usb
[   10.487264] PCI: Using ACPI for IRQ routing
[   10.528534] NetLabel: Initializing
[   10.529374] NetLabel:  domain hash size = 128
[   10.566951] NetLabel:  protocols = UNLABELED CIPSOv4
[   10.608079] NetLabel:  unlabeled traffic allowed by default
[   10.666687] amd_nb: Cannot enumerate AMD northbridges
[   10.704525] clocksource: Switched to clocksource kvm-clock
[   10.599]ApArr:Aprm FesteEnle
[ 113171pnp: PnP ACPI int[  15444 pp: PnAC: un3 vices

[   12.012107] clocksource: acpi_pm: mask: 0xffffff max_cycles: 0xffffff, max_idle_ns: 2085701024 ns
[   12.093676] NET: Registered protocol family 2
[   12.146011] TCP established hash table entries: 8192 (order: 4, 65536 bytes)
[   12.151028] TCP bind hash table entries: 8192 (order: 5, 131072 bytes)
[   12.152305] TCP: Hash tables configured (established 8192 bind 8192)
[   12.163408] UDP hash table entries: 512 (order: 2, 16384 bytes)
[   12.208212] UDP-Lite hash table entries: 512 (order: 2, 16384 bytes)
[   12.273539] NET: Registered protocol family 1
[   12.274487] pci 0000:00:00.0: Limiting direct PCI/PCI transfers
[   12.275867] pci 0000:00:01.0: Activating ISA DMA hang workarounds
[   12.380805] Trying to unpack rootfs image as initramfs...
[   13.977051] Freeing initrd memory: 8244K (ffff880036fd6000 - ffff8800377e3000)
[   13.999845] RAPL PMU detected, API unit is 2^-32 Joules, 4 fixed counters 10737418240 ms ovfl timer
[   14.074214] hw unit of domain pp0-core 2^-0 Joules
[   14.082105] hw unit of domain package 2^-0 Joules
[   14.098715] hw unit of domain dram 2^-0 Joules
[   14.149064] hw unit of domain pp1-gpu 2^-0 Joules
[   14.186151] platform rtc_cmos: registered platform RTC device (no PNP device found)
[   14.226751] Scanning for low memory corruption every 60 seconds
[   14.269271] futex hash table entries: 512 (order: 3, 32768 bytes)
[   14.309763] audit: initializing netlink subsys (disabled)
[   14.314729] audit: type=2000 audit(1475707517.641:1): initialized
[   14.361084] Initialise system trusted keyring
[   14.379465] HugeTLB registered 2 MB page size, pre-allocated 0 pages
[   14.452325] zbud: loaded
[   14.493815] VFS: Disk quotas dquot_6.6.0
[   14.507591] VFS: Dquot-cache hash table entries: 512 (order 0, 4096 bytes)
[   14.513117] squashfs: version 4.0 (2009/01/31) Phillip Lougher
[   14.542610] fuse init (API version 7.23)
[   14.601987] Key type big_key registered
[   14.642681] Allocating IMA MOK and blacklist keyrings.
[   14.648043] Key type asymmetric registered
[   14.703741] Asymmetric key parser 'x509' registered
[   14.743332] Block layer SCSI generic (bsg) driver version 0.4 loaded (major 249)
[   14.797503] io scheduler noop registered
[   14.836511] io scheduler deadline registered (default)
[   14.894059] io scheduler cfq registered
[   14.895114] pci_hotplug: PCI Hot Plug PCI Core version: 0.5
[   14.967792] pciehp: PCI Express Hot Plug Controller Driver version: 0.4
[   14.972633] ACPI: AC Adapter [AC] (off-line)
[   14.979737] input: Power Button as /devices/LNXSYSTM:00/LNXPWRBN:00/input/input0
[   14.983936] ACPI: Power Button [PWRF]
[   14.985266] input: Sleep Button as /devices/LNXSYSTM:00/LNXSLPBN:00/input/input1
[   15.006437] ACPI: Sleep Button [SLPF]
[   15.013785] GHES: HEST is not enabled!
[   15.015185] ACPI: Battery Slot [BAT0] (battery present)
[   15.038649] Serial: 8250/16550 driver, 32 ports, IRQ sharing enabled
[   15.074735] 00:02: ttyS0 at I/O 0x3f8 (irq = 4, base_baud = 115200) is a 16550A
[   15.097796] Linux agpgart interface v0.103
[   15.140948] brd: module loaded
[   15.172659] loop: module loaded
[   15.202274] tsc: Refined TSC clocksource calibration: 2299.372 MHz
[   15.250038] clocksource: tsc: mask: 0xffffffffffffffff max_cycles: 0x2124e3fd709, max_idle_ns: 440795292631 ns
[   15.250774] scsi host0: ata_piix
[   15.250842] scsi host1: ata_piix
[   15.250878] ata1: PATA max UDMA/33 cmd 0x1f0 ctl 0x3f6 bmdma 0xd000 irq 14
[   15.250879] ata2: PATA max UDMA/33 cmd 0x170 ctl 0x376 bmdma 0xd008 irq 15
[   15.250955] libphy: Fixed MDIO Bus: probed
[   15.250957] tun: Universal TUN/TAP device driver, 1.6
[   15.250958] tun: (C) 1999-2004 Max Krasnyansky <maxk@qualcomm.com>
[   15.287242] PPP generic driver version 2.4.2
[   15.287333] ehci_hcd: USB 2.0 'Enhanced' Host Controller (EHCI) Driver
[   15.287339] ehci-pci: EHCI PCI platform driver
[   15.287363] ehci-platform: EHCI generic platform driver
[   15.287374] ohci_hcd: USB 1.1 'Open' Host Controller (OHCI) Driver
[   15.287377] ohci-pci: OHCI PCI platform driver
[   15.287408] ohci-platform: OHCI generic platform driver
[   15.287419] uhci_hcd: USB Universal Host Controller Interface driver
[   15.287561] i8042: PNP: PS/2 Controller [PNP0303:PS2K,PNP0f03:PS2M] at 0x60,0x64 irq 1,12
[   15.288235] serio: i8042 KBD port at 0x60,0x64 irq 1
[   15.288243] serio: i8042 AUX port at 0x60,0x64 irq 12
[   15.288511] mousedev: PS/2 mouse device common for all mice
[   15.288970] input: AT Translated Set 2 keyboard as /devices/platform/i8042/serio0/input/input2
[   15.289490] rtc_cmos rtc_cmos: rtc core: registered rtc_cmos as rtc0
[   15.289584] rtc_cmos rtc_cmos: alarms up to one day, 114 bytes nvram
[   15.289595] i2c /dev entries driver
[   15.289684] device-mapper: uevent: version 1.0.3
[   15.289785] device-mapper: ioctl: 4.34.0-ioctl (2015-10-28) initialised: dm-devel@redhat.com
[   15.289812] ledtrig-cpu: registered to indicate activity on CPUs
[   15.290366] NET: Registered protocol family 10
[   15.290600] NET: Registered protocol family 17
[   15.290615] Key type dns_resolver registered
[   15.290926] microcode: CPU0 sig=0x40651, pf=0x40, revision=0x0
[   15.303211] microcode: CPU1 sig=0x40651, pf=0x40, revision=0x0
[   15.303300] microcode: Microcode Update Driver: v2.01 <tigran@aivazian.fsnet.co.uk>, Peter Oruba
[   15.303445] registered taskstats version 1
[   15.303457] Loading compiled-in X.509 certificates
[   15.304131] Loaded X.509 cert 'Build time autogenerated kernel key: 8b9fe5db9540517005e475afed63f7a6645227d6'
[   15.304160] zswap: loaded using pool lzo/zbud
[   15.305454] Key type trusted registered
[   15.307538] Key type encrypted registered
[   15.307545] AppArmor: AppArmor sha1 policy hashing enabled
[   15.307549] ima: No TPM chip found, activating TPM-bypass!
[   15.307566] evm: HMAC attrs: 0x1
[   15.307804]   Magic number: 4:969:804
[   15.327301] rtc_cmos rtc_cmos: setting system clock to 2016-10-05 22:45:24 UTC (1475707524)
[   15.327437] BIOS EDD facility v0.16 2004-Jun-25, 0 devices found
[   15.327437] EDD information not available.
[   16.248025] Freeing unused kernel memory: 1480K (ffffffff81f42000 - ffffffff820b4000)
[   17.726634] Write protecting the kernel read-only data: 14336k
[   17.780365] Freeing unused kernel memory: 1824K (ffff880001838000 - ffff880001a00000)
[   17.823446] Freeing unused kernel memory: 152K (ffff880001dda000 - ffff880001e00000)
Loading, please wait...
starting version[   17.892840] random: systemd-udevd: uninitialized urandom read (16 bytes read, 4 bits of entropy available)
 229
[   17.893382] random: udevadm: uninitialized urandom read (16 bytes read, 4 bits of entropy available)
[   17.893430] random: udevadm: uninitialized urandom read (16 bytes read, 4 bits of entropy available)
[   17.893701] random: udevadm: uninitialized urandom read (16 bytes read, 4 bits of entropy available)
[   17.893768] random: udevadm: uninitialized urandom read (16 bytes read, 4 bits of entropy available)
[   17.893931] random: udevadm: uninitialized urandom read (16 bytes read, 4 bits of entropy available)
[   17.893978] random: udevadm: uninitialized urandom read (16 bytes read, 4 bits of entropy available)
[   17.894016] random: udevadm: uninitialized urandom read (16 bytes read, 4 bits of entropy available)
[   17.894050] random: udevadm: uninitialized urandom read (16 bytes read, 4 bits of entropy available)
[   17.894083] random: udevadm: uninitialized urandom read (16 bytes read, 4 bits of entropy available)
[   18.518030] e1000: Intel(R) PRO/1000 Network Driver - version 7.3.21-k8-NAPI
[   18.545448] e1000: Copyright (c) 1999-2006 Intel Corporation.
[   18.551025] Fusion MPT base driver 3.04.20
[   18.573472] Copyright (c) 1999-2008 LSI Corporation
[   18.606937] AVX version of gcm_enc/dec engaged.
[   18.626498] AES CTR mode by8 optimization enabled
[   18.660036] Fusion MPT SPI Host driver 3.04.20
[   18.873196] input: ImExPS/2 Generic Explorer Mouse as /devices/platform/i8042/serio1/input/input4
[   19.025910] e1000 0000:00:03.0 eth0: (PCI:33MHz:32-bit) 02:a0:3d:de:85:bf
[   19.611520] e1000 0000:00:03.0 eth0: Intel(R) PRO/1000 Network Connection
[   19.664118] mptbase: ioc0: Initiating bringup
[   19.664246] e1000 0000:00:03.0 enp0s3: renamed from eth0
[   19.753722] ioc0: LSI53C1030 A0: Capabilities={Initiator}
[   19.965367] scsi host2: ioc0: LSI53C1030 A0, FwRev=00000000h, Ports=1, MaxQ=256, IRQ=20
[   20.101715] scsi 2:0:0:0: Direct-Access     VBOX     HARDDISK         1.0  PQ: 0 ANSI: 5
[   20.126441] scsi target2:0:0: Beginning Domain Validation
[   20.179914] scsi target2:0:0: Domain Validation skipping write tests
[   20.658876] scsi target2:0:0: Ending Domain Validation
[   20.693588] scsi target2:0:0: asynchronous
[   20.747504] scsi 2:0:1:0: Direct-Access     VBOX     HARDDISK         1.0  PQ: 0 ANSI: 5
[   21.614310] scsi target2:0:1: Beginning Domain Validation
[   21.651218] scsi target2:0:1: Domain Validation skipping write tests
[   21.682887] scsi target2:0:1: Ending Domain Validation
[   21.785264] floppy0: no floppy controllers found
[   22.083012] scsi target2:0:1: asynchronous
[   22.119103] sd 2:0:0:0: [sda] 20971520 512-byte logical blocks: (10.7 GB/10.0 GiB)
[   22.183777] sd 2:0:0:0: Attached scsi generic sg0 type 0
[   22.190472] sd 2:0:0:0: [sda] Write Protect is off
[   22.190595] sd 2:0:0:0: [sda] Incomplete mode parameter data
[   22.190596] sd 2:0:0:0: [sda] Assuming drive cache: write through
[   22.192512]  sda: sda1
[   22.193155] sd 2:0:0:0: [sda] Attached SCSI disk
[   22.458824] sd 2:0:1:0: [sdb] 20480 512-byte logical blocks: (10.5 MB/10.0 MiB)
[   22.545931] sd 2:0:1:0: Attached scsi generic sg1 type 0
[   22.562099] sd 2:0:1:0: [sdb] Write Protect is off
[   22.605696] sd 2:0:1:0: [sdb] Incomplete mode parameter data
[   22.677013] sd 2:0:1:0: [sdb] Assuming drive cache: write through
[   22.719417] sd 2:0:1:0: [sdb] Attached SCSI disk
Begin: Loading e[   24.197795] md: linear personality registered for level -1
ssential drivers ... [   24.202234] md: multipath personality registered for level -4
[   24.223590] md: raid0 personality registered for level 0
[   24.246849] md: raid1 personality registered for level 1
[   24.369037] raid6: sse2x1   gen()  8036 MB/s
[   24.476574] raid6: sse2x1   xor()  6464 MB/s
[   24.552581] raid6: sse2x2   gen() 10527 MB/s
[   24.640956] raid6: sse2x2   xor()  6371 MB/s
[   24.740663] raid6: sse2x4   gen() 12801 MB/s
[   24.852584] raid6: sse2x4   xor()  8568 MB/s
[   24.893655] raid6: using algorithm sse2x4 gen() 12801 MB/s
[   24.895155] raid6: .... xor() 8568 MB/s, rmw enabled
[   24.899828] raid6: using ssse3x2 recovery algorithm
[   24.943618] xor: automatically using best checksumming function:
[   25.048769]    avx       : 20340.000 MB/sec
[   25.092433] async_tx: api initialized (async)
[   25.151609] md: raid6 personality registered for level 6
[   25.165034] md: raid5 personality registered for level 5
[   25.174244] md: raid4 personality registered for level 4
[   25.207604] md: raid10 personality registered for level 10
done.
Begin: Running /scripts/init-premount ... done.
Begin: Mounting root file system ... Begin: Running /scri[   25.267413] Btrfs loaded
pts/local-top ... done.
Begin: Running /scripts/local-premount ... Scanning for Btrfs filesystems
done.
Warning: fsck no[   25.367443] EXT4-fs (sda1): mounted filesystem with ordered data mode. Opts: (null)
t present, so skipping root file system
done.
Begin: Running /scripts/local-bottom ... done.
Begin: Running /scripts/init-bottom ... Warning: overlayroot: debug is busted
done.
[   25.549511] systemd[1]: systemd 229 running in system mode. (+PAM +AUDIT +SELINUX +IMA +APPARMOR +SMACK +SYSVINIT +UTMP +LIBCRYPTSETUP +GCRYPT +GNUTLS +ACL +XZ -LZ4 +SECCOMP +BLKID +ELFUTILS +KMOD -IDN)
[   25.606088] systemd[1]: Detected virtualization oracle.
[   25.662390] systemd[1]: Detected architecture x86-64.

Welcome to [1mUbuntu 16.04.1 LTS[0m!

[   25.733696] systemd[1]: Set hostname to <ubuntu>.
[   25.786387] systemd[1]: Initializing machine ID from random generator.
[   25.841619] systemd[1]: Installed transient /etc/machine-id file.
[   26.022979] systemd[1]: Listening on /dev/initctl Compatibility Named Pipe.
[[0;32m  OK  [0m] Listening on /dev/initctl Compatibility Named Pipe.
[   26.097129] systemd[1]: Reached target Encrypted Volumes.
[[0;32m  OK  [0m] Reached target Encrypted Volumes.
[   26.137383] systemd[1]: Listening on Device-mapper event daemon FIFOs.
[[0;32m  OK  [0m] Listening on Device-mapper event daemon FIFOs.
[   26.181164] systemd[1]: Listening on LVM2 metadata daemon socket.
[[0;32m  OK  [0m] Listening on LVM2 metadata daemon socket.
[   26.208206] systemd[1]: Created slice User and Session Slice.
[[0;32m  OK  [0m] Created slice User and Session Slice.
[   26.253092] systemd[1]: Reached target Swap.
[[0;32m  OK  [0m] Reached target Swap.
[   26.290099] systemd[1]: Started Forward Password Requests to Wall Directory Watch.
[[0;32m  OK  [0m] Started Forward Password Requests to Wall Directory Watch.
[   26.365139] systemd[1]: Listening on Syslog Socket.
[[0;32m  OK  [0m] Listening on Syslog Socket.
[   26.442097] systemd[1]: Created slice System Slice.
[[0;32m  OK  [0m] Created slice System Slice.
[   26.499073] systemd[1]: Reached target Slices.
[[0;32m  OK  [0m] Reached target Slices.
[   26.553128] systemd[1]: Listening on udev Control Socket.
[[0;32m  OK  [0m] Listening on udev Control Socket.
[   26.637060] systemd[1]: Listening on udev Kernel Socket.
[[0;32m  OK  [0m] Listening on udev Kernel Socket.
[   26.713314] systemd[1]: Listening on Journal Socket (/dev/log).
[[0;32m  OK  [0m] Listening on Journal Socket (/dev/log).
[   26.829422] systemd[1]: Listening on Journal Audit Socket.
[[0;32m  OK  [0m] Listening on Journal Audit Socket.
[   26.909420] systemd[1]: Listening on LVM2 poll daemon socket.
[[0;32m  OK  [0m] Listening on LVM2 poll daemon socket.
[   26.989809] systemd[1]: Set up automount Arbitrary Executable File Formats File System Automount Point.
[[0;32m  OK  [0m] Set up automount Arbitrary Executab...ats File System Automount Point.
[   27.106022] systemd[1]: Listening on Journal Socket.
[[0;32m  OK  [0m] Listening on Journal Socket.
[   27.173276] systemd[1]: Starting Nameserver information manager...
         Starting Nameserver information manager...
[   27.285244] systemd[1]: Starting Set console keymap...
         Starting Set console keymap...
[   27.385364] systemd[1]: Starting Monitoring of LVM2 mirrors, snapshots etc. using dmeventd or progress polling...
         Starting Monitoring of LVM2 mirrors... dmeventd or progress polling...
[   27.537318] systemd[1]: Mounting Debug File System...
         Mounting Debug File System...
[   27.566639] systemd[1]: Starting Remount Root and Kernel File Systems...
[   27.573580] EXT4-fs (sda1): re-mounted. Opts: (null)
         Starting Remount Root and Kernel File Systems...
[   27.676819] systemd[1]: Mounting Huge Pages File System...
         Mounting Huge Pages File System...
[   27.741501] random: nonblocking pool is initialized
[   27.757221] systemd[1]: Mounting POSIX Message Queue File System...
         Mounting POSIX Message Queue File System...
[   27.773940] systemd[1]: Starting Create list of required static device nodes for the current kernel...
         Starting Create list of required st... nodes for the current kernel...
[   27.815366] systemd[1]: Starting Journal Service...
         Starting Journal Service...
[   27.877329] systemd[1]: Starting Load Kernel Modules...
         Starting Load Kernel Mo[   27.887096] Loading iSCSI transport class v2.0-870.
dules...
[   27.904764] systemd[1]: Reached target User and Group Name Lookups.
[[0;32m  OK  [0m] Reached target User and Group Name Lookups.
[   27.952247] iscsi: registered transport (tcp)
[   27.978187] systemd[1]: Starting Uncomplicated firewall...
         Starting Uncomplicated firewall.[   28.037452] iscsi: registered transport (iser)
..
[   28.057205] systemd[1]: Created slice system-serial\x2dgetty.slice.
[[0;32m  OK  [0m] Created slice system-serial\x2dgetty.slice.
[   28.114245] systemd[1]: Mounted HugePages Fi Sstem.
[[0;32m  OK  [0m] Mounted Huge Pages File System.
[  28.341626] systemd[1]: Mounted POSIX Message Queue File System.
[[0;32m  OK  [0m] Mounted POSIX Message Queue File System.
[   28.4342] systmd[1]:Montd Debu Fle System.
[[0;32m  OK  [0m] Mounted Debug File System.
[  28.8557 sted[1]: Sard url Service.
[[0;32m  OK  [0m] Started Journal Service.
[[0;32m  OK  [0m] Started Set console keymap.
[[0;32m  OK  [0m] Started Remount Root and Kernel File Systems.
[[0;32m  OK  [0m] Started Create list of required sta...ce nodes for the current kernel.
[[0;32m  OK  [0m] Started Load Kernel Modules.
[[0;32m  OK  [0m] Started Uncomplicated firewall.
[[0;32m  OK  [0m] Started Nameserver information manager.
[[0;32m  OK  [0m] Started LVM2 metadata daemon.
         Mounting FUSE Control File System...
         Starting Apply Kernel Variables...
         Starting Create Static Device Nodes in /dev...
         Starting Load/Save Random Seed...
         Starting udev Coldplug all Devices...
         Starting Flush Journal to Persistent Storage...
[[0;32m  OK  [0m] Mounted FUSE Control File System.
[[0;32m  OK  [0m] Started Apply Kernel Variables.
[[0;32m  OK  [0m] Started Create Static Device Nodes in /dev.
[[0;32m  OK  [0m] Started Load/Save Random Seed.
[[0;32m  OK  [0m] Started Flush Journal to Persistent Storage.
[[0;32m  OK  [0m] Started Monitoring of LVM2 mirrors,...ng dmeventd or progress polling.
[[0;32m  OK  [0m] Started udev Coldplug all Devices.
         Starting udev Kernel Device Manager...
[[0;32m  OK  [0m] Started udev Kernel Device Manager.
[[0;32m  OK  [0m] Started Dispatch Password Requests to Console Directory Watch.
[[0;32m  OK  [0m] Reached target Local File Systems (Pre).
[[0;32m  OK  [0m] Reached target Local File Systems.
         Starting Initial cloud-init job (pre-networking)...
         Starting Tell Plymouth To Write Out Runtime Data...
         Starting Set console font and keymap...
         Starting Run snappy firstboot setup...
         Starting LSB: AppArmor initialization...
         Starting Commit a transient machine-id on disk...
         Starting Create Volatile Files and Directories...
[[0;32m  OK  [0m] Started Tell Plymouth To Write Out Runtime Data.
[[0;32m  OK  [0m] Started Run snappy firstboot setup.
[[0;32m  OK  [0m] Started Commit a transient machine-id on disk.
[[0;32m  OK  [0m] Started Create Volatile Files and Directories.
[[0;32m  OK  [0m] Found device /dev/ttyS0.
[   21.586986] cloud-init[516]: Cloud-init v. 0.7.8 running 'init-local' at Wed, 05 Oct 2016 22:45:40 +0000. Up 21.20 seconds.
[[0;32m  OK  [0m] Listening on Load/Save RF Kill Switch Status /dev/rfkill Watch.
[[0;32m  OK  [0m] Reached target System Time Synchronized.
         Starting Update UTMP about System Boot/Shutdown...
[[0;32m  OK  [0m] Started Set console font and keymap.
[[0;32m  OK  [0m] Started Initial cloud-init job (pre-networking).
[[0;32m  OK  [0m] Started Update UTMP about System Boot/Shutdown.
[[0;32m  OK  [0m] Reached target Network (Pre).
[[0;32m  OK  [0m] Created slice system-getty.slice.
[[0;32m  OK  [0m] Started LSB: AppArmor initialization.
[[0;32m  OK  [0m] Reached target System Initialization.
[[0;32m  OK  [0m] Started Timer to automatically refresh installed snaps.
[[0;32m  OK  [0m] Started Daily apt activities.
         Starting Socket activation for snappy daemon.
[[0;32m  OK  [0m] Started Daily Cleanup of Temporary Directories.
[[0;32m  OK  [0m] Reached target Timers.
[[0;32m  OK  [0m] Listening on ACPID Listen Socket.
[[0;32m  OK  [0m] Started Trigger resolvconf update for networkd DNS.
[[0;32m  OK  [0m] Listening on UUID daemon activation socket.
[[0;32m  OK  [0m] Listening on D-Bus System Message Bus Socket.
[[0;32m  OK  [0m] Started ACPI Events Check.
[[0;32m  OK  [0m] Reached target Paths.
         Starting LXD - unix socket.
         Starting Raise network interfaces...
[[0;32m  OK  [0m] Listening on Socket activation for snappy daemon.
[[0;32m  OK  [0m] Listening on LXD - unix socket.
[[0;32m  OK  [0m] Reached target Sockets.
[[0;32m  OK  [0m] Reached target Basic System.
[[0;32m  OK  [0m] Started ACPI event daemon.
[[0;32m  OK  [0m] Started Regular background program processing daemon.
         Starting Login Service...
         Starting System Logging Service...
         Starting LSB: Record successful boot for GRUB...
         Starting LSB: MD monitoring daemon...
         Starting Accounts Service...
         Starting LXD - container startup/shutdown...
[[0;32m  OK  [0m] Started Deferred execution scheduler.
[[0;32m  OK  [0m] Started FUSE filesystem for LXC.
[[0;32m  OK  [0m] Started D-Bus System Message Bus.
[[0;32m  OK  [0m] Started Snappy daemon.
[[0;32m  OK  [0m] Started System Logging Service.
[[0;32m  OK  [0m] Started LXD - container startup/shutdown.
[[0;32m  OK  [0m] Started LSB: Record successful boot for GRUB.
[[0;32m  OK  [0m] Started LSB: MD monitoring daemon.
[[0;32m  OK  [0m] Started Login Service.
         Starting Authenticate and Authorize Users to Run Privileged Tasks...
[[0;32m  OK  [0m] Started Authenticate and Authorize Users to Run Privileged Tasks.
[[0;32m  OK  [0m] Started Accounts Service.
[[0;32m  OK  [0m] Started Raise network interfaces.
[[0;32m  OK  [0m] Reached target Network.
         Starting Initial cloud-init job (metadata service crawler)...
[   25.225957] cloud-init[999]: Cloud-init v. 0.7.8 running 'init' at Wed, 05 Oct 2016 22:45:43 +0000. Up 24.06 seconds.
[   25.271212] cloud-init[999]: ci-info: +++++++++++++++++++++++++++++++++++++Net device info++++++++++++++++++++++++++++++++++++++
[   25.298661] cloud-init[999]: ci-info: +--------+------+----------------------------+---------------+-------+-------------------+
[   25.323380] cloud-init[999]: ci-info: | Device |  Up  |          Address           |      Mask     | Scope |     Hw-Address    |
[[0;32m  OK  [0m] Started Initial cloud-init job (metadata service crawler).
[   25.369992] cloud-init[999]: ci-info: +--------+------+----------------------------+---------------+-------+-------------------+
[   25.418390] [cloud-init[0;32m  OK  [0m[999]: ] ci-info: |   lo   | True |         127.0.0.1          |   255.0.0.0   |   .   |         .         |Reached target Network is Online.

[   25.419385] cloud-init[999]: ci-info: |   lo   | True |          ::1/128           |       .       |  host |         .         |
[   25.460349] cloud-init[999]: ci-info: | enp0s3 | True |         10.0.2.15          | 255.255.255.0 |   .   | 02:a0:3d:de:85:bf |
[   25.461075] cloud-init[999]: ci-info: | enp0s3 | True | fe80::a0:3dff:fede:85bf/64 |       .       |  link | 02:a0:3d:de:85:bf |
[   25.461146] cloud-init[999]: ci-info: +--------+------+----------------------------+---------------+-------+-------------------+
[   25.461210] cloud-init[999]: ci-info: +++++++++++++++++++++++++++Route IPv4 info++++++++++++++++++++++++++++
[   25.462541] cloud-init[999]: ci-info: +-------+-------------+----------+---------------+-----------+-------+
[   25.462608] cloud-init[999]: ci-info: | Route | Destination | Gateway  |    Genmask    | Interface | Flags |
[   25.462672] cloud-init[999]: ci-info: +-------+-------------+----------+---------------+-----------+-------+
         Starting Pollinate to seed the pseudo random number generator...
[   25.462745] cloud-init[999]: ci-info: |   0   |   0.0.0.0   | 10.0.2.2 |    0.0.0.0    |   enp0s3  |   UG  |
         Starting iSCSI initiator daemon (iscsid)...
[   25.807331] cloud-init[999]: ci-info: |   1   |   10.0.2.0  | 0.0.0.0  | 255.255.255.0 |   enp0s3  |   U   |
[   25.856905] cloud-init[999]: ci-info: +-------+-------------+----------+---------------+-----------+-------+
         Starting /etc/rc.local Compatibility...
[[0;32m  OK  [0m] Reached target Cloud-config availability.
[   25.938595] cloud-init[999]: Generating public/private rsa key pair.
         Starting Apply the settings specified in cloud-config...
[   26.030473] cloud-init[999]: Your identification has been saved in /etc/ssh/ssh_host_rsa_key.
[[0;32m  OK  [0m] Started /etc/rc.local Compatibility.
[[0;32m  OK  [0m] Started iSCSI initiator daemon (iscsid).
[   26.135963] cloud-init[999]: Your public key has been saved in /etc/ssh/ssh_host_rsa_key.pub.
[   26.233016] cloud-init[999]: The key fingerprint is:
         [   26.233641] Starting Login to default iSCSI targets...cloud-init
[999]: SHA256:YmYRw6lc1/D/MDcrfgMQHN2+07Um9EnNO828ogNsLvg root@ubuntu-xenial
[[0;32m  OK  [0m] Started Login to default iSCSI targets.
[   26.295431] cloud-init[999]: The key's randomart image is:
[[0;32m  OK  [0m] Reached target Remote File Systems (Pre).
[[0;32m  OK  [0m] Reached target Remote File Systems.
[   26.349592] cloud-init[999]: +---[RSA 2048]----+
         Starting LSB: automatic crash report generation...
[   26.412311] cloud-init[999]: |     .o..+.o .   |
         Starting LSB: Set the CPU Frequency Scaling governor to "ondemand"...[   26.468534] cloud-init[999]: |      +o..+ . .  |
[   26.468710] cloud-init[999]: |   . o..  .. . ..|
[   26.469304] cloud-init[999]: |    o  .  .. ...+|
[   26.469782] cloud-init[999]: |      = S  .= ==*|
[   26.470104] cloud-init[999]: |     + . +  .*oX=|
[   26.470716] cloud-init[999]: |      . o . ..=.o|
[   26.470785] cloud-init[999]: |     . . . o oo. |
[   26.470852] cloud-init[999]: |      .E.  .+... |
[   26.470912] cloud-init[999]: +----[SHA256]-----+
[   26.470968] cloud-init[999]: Generating public/private dsa key pair.
[   26.471040] cloud-init[999]: Your identification has been saved in /etc/ssh/ssh_host_dsa_key.
[   26.471100] cloud-init[999]: Your public key has been saved in /etc/ssh/ssh_host_dsa_key.pub.
[   26.471161] cloud-init[999]: The key fingerprint is:
[   26.471222] cloud-init[999]: SHA256:JzyRv9i9e4q/DUYswRemR76zaKisr7+Fy1ImP56LW3w root@ubuntu-xenial
[   26.471307] cloud-init[999]: The key's randomart image is:
[   26.471370] cloud-init[999]: +---[DSA 1024]----+
[   26.471426] cloud-init[999]: |            +    |
[   26.471487] cloud-init[999]: |         o = .   |
[   26.471597] cloud-init[999]: |        o + +    |

[   26.471872] cloud-init[999]: |       . o = .   |
         Starting Permit User Sessions...
[   26.763062] cloud-init[999]: |        S + =    |
[   26.806209] cloud-init[999]: |    ..o. B * o   |
[   26.807623]          Starting LSB: VirtualBox Linux Additions...
         Starting LSB: daemon to balance interrupts for SMP systems...
[[0;32m  OK  [0m] Started Permit User Sessions.
cloud-init[999]: |     =+ E = =    |
[   26.884673] [cloud-init[0;32m  OK  [0m[999]: ] |    .=o* . o +.  |
Started LSB: Set the CPU Frequency Scaling governor to "ondemand".
[   26.885933] cloud-init[999]: |    =O%+  ..*=.  |[
[0;32m  OK  [0m] Started LSB: automatic crash report generation.
[   26.960900] cloud-init[999]: +----[SHA256]-----+
[   26.970907] cloud-init[999]: Generating public/private ecdsa key pair.
         Starting Terminate Plymouth Boot Screen...
         Starting Hold until boot process finishes up...
[   26.987216] cloud-init[999]: Your identification has been saved in /etc/ssh/ssh_host_ecdsa_key.
[   27.048470] [cloud-init[0;32m  OK  [0m[999]: ] Your public key has been saved in /etc/ssh/ssh_host_ecdsa_key.pub.Started Terminate Plymouth Boot Screen.

[   27.050627] cloud-init[999]: The key fingerprint is:
[   27.080725] [cloud-init[0;32m  OK  [0m[999]: ] SHA256:Fhy/24HCCzx0OzPZKYDiB1WC8AiigPMvW4TYzhNeVwA root@ubuntu-xenialStarted LSB: daemon to balance interrupts for SMP systems.

[   27.081301] cloud-init[999]: The key's randomart image is:
[   27.099800] [cloud-init[0;32m  OK  [0m[999]: ] +---[ECDSA 256]---+Started Hold until boot process finishes up.

[   27.136825] cloud-init[999]: |*. .Eoo..        |
[[0;32m  OK  [0m] Started Getty on tty1.
[   27.152934] cloud-init[999]: |Bo.. o ..o       |
         Starting Set console scheme...
[   27.182870] [[0;32m  OK  [0m] Started Serial Getty on ttyS0.
cloud-init[999]: |o=+.. o.+ .      |
[[0;32m  OK  [0m] Reached target Login Prompts.
[   27.208075] cloud-init[999]: |..=ooo.+ = +     |
[   27.244453] [cloud-init[0;32m  OK  [0m[999]: ] | +.=..+ S = .    |Started LSB: VirtualBox Linux Additions.

[   27.245046] cloud-init[[0;32m  OK  [0m] Started Set console scheme.
[999]: |  *.o  + B o .   |
[   27.293506] cloud-init[999]: |   =    . . .    |
[   27.304961] cloud-init[999]: |  .              |
[   27.313415] cloud-init[999]: |                 |
[   27.332773] cloud-init[999]: +----[SHA256]-----+
[   27.343595] cloud-init[999]: Generating public/private ed25519 key pair.
[   27.360621] cloud-init[999]: Your identification has been saved in /etc/ssh/ssh_host_ed25519_key.
[   27.388319] cloud-init[999]: Your public key has been saved in /etc/ssh/ssh_host_ed25519_key.pub.
[   27.394153] cloud-init[999]: The key fingerprint is:
[   27.408984] cloud-init[999]: SHA256:j7jYBuqlCySG7lO0L5e3RlWOnL5el/hAFqewlWkoI98 root@ubuntu-xenial
[   27.485240] cloud-init[999]: The key's randomart image is:
[   27.500748] cloud-init[999]: +--[ED25519 256]--+
[   27.523542] cloud-init[999]: |                 |
[   27.536720] cloud-init[999]: |          ..o    |
[   27.542865] cloud-init[999]: |     . o.o=* .   |
[   27.564621] cloud-init[999]: |.  .  o +==.+    |
[   27.566065] cloud-init[999]: |oo. .  .SE +     |
[   27.576902] cloud-init[999]: |=  o.  o +o . .  |
[   27.592897] cloud-init[999]: |....o.+ . o+ o   |
[   27.600718] cloud-init[999]: |.o.+ *.+ .. +    |
[   27.612988] cloud-init[999]: | o=.+.=.o.   .   |
[   27.621799] cloud-init[999]: +----[SHA256]-----+
[   27.632595] cloud-init[1114]: Generating locales (this might take a while)...
[   29.187364] cloud-init[1114]:   en_US.UTF-8... done
[   29.196831] cloud-init[1114]: Generation complete.
[[0;32m  OK  [0m] Stopped OpenBSD Secure Shell server.
         Starting OpenBSD Secure Shell server...
[[0;32m  OK  [0m] Started OpenBSD Secure Shell server.
[[0;32m  OK  [0m] Created slice User Slice of ubuntu.
         Starting User Manager for UID 1000...
[[0;32m  OK  [0m] Started Session 1 of user ubuntu.
[[0;32m  OK  [0m] Started User Manager for UID 1000.
[   29.889553] cloud-init[1114]: Cloud-init v. 0.7.8 running 'modules:config' at Wed, 05 Oct 2016 22:45:46 +0000. Up 27.00 seconds.
[[0;32m  OK  [0m] Started Apply the settings specified in cloud-config.
[[0;32m  OK  [0m] Started Pollinate to seed the pseudo random number generator.
[[0;32m  OK  [0m] Reached target Multi-User System.
[[0;32m  OK  [0m] Reached target Graphical Interface.
         Starting Update UTMP about System Runlevel Changes...
         Starting Execute cloud user/final scripts...
         Starting Notify bootloader that boot was successful...
[[0;32m  OK  [0m] Started Notify bootloader that boot was successful.
[[0;32m  OK  [0m] Started Update UTMP about System Runlevel Changes.
[[0;32m  OK  [0m] Started Session 2 of user ubuntu.
ci-info: +++++Authorized keys from /home/ubuntu/.ssh/authorized_keys for user ubuntu++++++
ci-info: +---------+-------------------------------------------------+---------+---------+
ci-info: | Keytype |                Fingerprint (md5)                | Options | Comment |
ci-info: +---------+-------------------------------------------------+---------+---------+
ci-info: | ssh-rsa | b3:19:ea:90:51:36:11:37:7f:7d:e3:fe:bd:74:c8:9c |    -    | vagrant |
ci-info: +---------+-------------------------------------------------+---------+---------+
<14>Oct  5 22:45:51 ec2: 
<14>Oct  5 22:45:51 ec2: #############################################################
<14>Oct  5 22:45:51 ec2: -----BEGIN SSH HOST KEY FINGERPRINTS-----
<14>Oct  5 22:45:51 ec2: 1024 SHA256:JzyRv9i9e4q/DUYswRemR76zaKisr7+Fy1ImP56LW3w root@ubuntu-xenial (DSA)
<14>Oct  5 22:45:51 ec2: 256 SHA256:Fhy/24HCCzx0OzPZKYDiB1WC8AiigPMvW4TYzhNeVwA root@ubuntu-xenial (ECDSA)
<14>Oct  5 22:45:51 ec2: 256 SHA256:j7jYBuqlCySG7lO0L5e3RlWOnL5el/hAFqewlWkoI98 root@ubuntu-xenial (ED25519)
<14>Oct  5 22:45:51 ec2: 2048 SHA256:YmYRw6lc1/D/MDcrfgMQHN2+07Um9EnNO828ogNsLvg root@ubuntu-xenial (RSA)
<14>Oct  5 22:45:51 ec2: -----END SSH HOST KEY FINGERPRINTS-----
<14>Oct  5 22:45:51 ec2: #############################################################
-----BEGIN SSH HOST KEY KEYS-----
ecdsa-sha2-nistp256 AAAAE2VjZHNhLXNoYTItbmlzdHAyNTYAAAAIbmlzdHAyNTYAAABBBFUkkdTOlceRCYXS3B5kH3Lme9mksW5IGwEazsAHAqKkC20FebEGr3g2rkcwanLwwjy27uhWvNwrUxlL1VF0AVk= root@ubuntu-xenial
ssh-ed25519 AAAAC3NzaC1lZDI1NTE5AAAAIFELdm4B2N+3SbenBufiHeOpcTJlDkfSWWulXw9NflwF root@ubuntu-xenial
ssh-rsa AAAAB3NzaC1yc2EAAAADAQABAAABAQDCYO7DuduL3IdR4aS/GZ80dC3yrlA4RKcP52mvxz4q6eE+GuoFYGLVlWEc00lhRGZH88T8Wlrh2/LL2pWlRp7ye44wUsYK9WpPCZvRvZBGtOy5YuVEJfrGHGjzI+aYuwcJTgQlQjMllDZ5wrcTDlnDEhV/bxYQu2YwGBgBZLmcu2nkM1zHVHAqN90Ht60tCuaGqTjIJQF49X6ww0AnkkuUopdKs22JkKIb4bgBayE6qxZiMLwDRZ5/gPsPDEKzmxv27mvX0Ly6bxdD4NMX/KlWD8jcvTbAcqyD24FPocj7kzzV5GieYy7v6FTOE6eCsOmI1n55LoMromuI++9l6Zsd root@ubuntu-xenial
-----END SSH HOST KEY KEYS-----
[   32.338455] cloud-init[1441]: Cloud-init v. 0.7.8 running 'modules:final' at Wed, 05 Oct 2016 22:45:51 +0000. Up 31.73 seconds.
[   32.392883] cloud-init[1441]: Cloud-init v. 0.7.8 finished at Wed, 05 Oct 2016 22:45:51 +0000. Datasource DataSourceNoCloud [seed=/dev/sdb][dsmode=net].  Up 32.32 seconds

Ubuntu 16.04.1 LTS ubuntu-xenial ttyS0

ubuntu-xenial login: 